<?xml version="1.0" encoding="UTF-8"?>
<!-- Generated by org.testng.reporters.JUnitReportReporter -->
<testsuite hostname="DESKTOP-30RBLQR" failures="0" tests="2" name="Amazon_Automation_Project.searchForItem" time="13.963" errors="0" timestamp="2022-10-21T18:42:19 EET" skipped="0">
  <testcase classname="Amazon_Automation_Project.searchForItem" name="userNarrowDownSearchResults" time="4.545"/>
  <system-out/>
  <testcase classname="Amazon_Automation_Project.searchForItem" name="userSearchForProduct" time="9.418"/>
  <system-out/>
</testsuite> <!-- Amazon_Automation_Project.searchForItem -->
