<?xml version="1.0" encoding="UTF-8"?>
<!-- Generated by org.testng.reporters.JUnitReportReporter -->
<testsuite hostname="DESKTOP-30RBLQR" failures="0" tests="1" name="Amazon_Automation_Project.deleteItemFromCart" time="1.228" errors="0" timestamp="2022-10-21T18:42:19 EET" skipped="0">
  <testcase classname="Amazon_Automation_Project.deleteItemFromCart" name="userDeleteItemFromCart" time="1.228"/>
  <system-out/>
</testsuite> <!-- Amazon_Automation_Project.deleteItemFromCart -->
