<?xml version="1.0" encoding="UTF-8"?>
<!-- Generated by org.testng.reporters.JUnitReportReporter -->
<testsuite hostname="DESKTOP-30RBLQR" failures="0" tests="2" name="Amazon_Automation_Project.addItemToCart" time="9.595" errors="0" timestamp="2022-10-21T18:42:19 EET" skipped="0">
  <testcase classname="Amazon_Automation_Project.addItemToCart" name="userNavigateToCartPage" time="3.654"/>
  <system-out/>
  <testcase classname="Amazon_Automation_Project.addItemToCart" name="userAddItemToCart" time="5.941"/>
  <system-out/>
</testsuite> <!-- Amazon_Automation_Project.addItemToCart -->
